<?xml version="1.0" encoding="UTF-8"?>
<!-- Generated by org.testng.reporters.JUnitReportReporter -->
<testsuite hostname="DESKTOP-BR5FEO3" failures="0" tests="22" name="com.hospital.qa.testcases.HospitalTest" time="1495.343" errors="1" timestamp="2021-03-18T14:18:22 IST" skipped="0">
  <testcase classname="com.hospital.qa.testcases.HospitalTest" name="closeBrower" time="0.274">
    <error message="Cannot invoke &quot;com.hospital.qa.pages.CorporateWellnessPage.closeBrowser()&quot; because &quot;this.cw&quot; is null" type="java.lang.NullPointerException">
      <![CDATA[java.lang.NullPointerException: Cannot invoke "com.hospital.qa.pages.CorporateWellnessPage.closeBrowser()" because "this.cw" is null
at com.hospital.qa.testcases.HospitalTest.closeBrower(HospitalTest.java:544)
at java.base/jdk.internal.reflect.NativeMethodAccessorImpl.invoke0(Native Method)
at java.base/jdk.internal.reflect.NativeMethodAccessorImpl.invoke(NativeMethodAccessorImpl.java:64)
at java.base/jdk.internal.reflect.DelegatingMethodAccessorImpl.invoke(DelegatingMethodAccessorImpl.java:43)
at java.base/java.lang.reflect.Method.invoke(Method.java:564)
at org.testng.internal.MethodInvocationHelper.invokeMethod(MethodInvocationHelper.java:132)
at org.testng.internal.MethodInvocationHelper.invokeMethodConsideringTimeout(MethodInvocationHelper.java:61)
at org.testng.internal.ConfigInvoker.invokeConfigurationMethod(ConfigInvoker.java:366)
at org.testng.internal.ConfigInvoker.invokeConfigurations(ConfigInvoker.java:320)
at org.testng.TestRunner.invokeTestConfigurations(TestRunner.java:617)
at org.testng.TestRunner.afterRun(TestRunner.java:847)
at org.testng.TestRunner.run(TestRunner.java:588)
at org.testng.SuiteRunner.runTest(SuiteRunner.java:384)
at org.testng.SuiteRunner.runSequentially(SuiteRunner.java:378)
at org.testng.SuiteRunner.privateRun(SuiteRunner.java:337)
at org.testng.SuiteRunner.run(SuiteRunner.java:286)
at org.testng.SuiteRunnerWorker.runSuite(SuiteRunnerWorker.java:53)
at org.testng.SuiteRunnerWorker.run(SuiteRunnerWorker.java:96)
at org.testng.TestNG.runSuitesSequentially(TestNG.java:1218)
at org.testng.TestNG.runSuitesLocally(TestNG.java:1140)
at org.testng.TestNG.runSuites(TestNG.java:1069)
at org.testng.TestNG.run(TestNG.java:1037)
at org.testng.remote.AbstractRemoteTestNG.run(AbstractRemoteTestNG.java:115)
at org.testng.remote.RemoteTestNG.initAndRun(RemoteTestNG.java:251)
at org.testng.remote.RemoteTestNG.main(RemoteTestNG.java:77)
]]>
    </error>
  </testcase> <!-- closeBrower -->
  <system-out/>
  <testcase classname="com.hospital.qa.testcases.HospitalTest" name="testCase" time="0.049"/>
  <system-out/>
  <testcase classname="com.hospital.qa.testcases.HospitalTest" name="displayHospitals" time="88.469"/>
  <system-out/>
  <testcase classname="com.hospital.qa.testcases.HospitalTest" name="goToTopCity" time="95.100"/>
  <system-out/>
  <testcase classname="com.hospital.qa.testcases.HospitalTest" name="clickCorporateWellness" time="90.247"/>
  <system-out/>
  <testcase classname="com.hospital.qa.testcases.HospitalTest" name="InvalidCorporateWellness" time="94.792"/>
  <system-out/>
  <testcase classname="com.hospital.qa.testcases.HospitalTest" name="nullInvalidForm" time="94.146"/>
  <system-out/>
  <testcase classname="com.hospital.qa.testcases.HospitalTest" name="InvalidNameInCw" time="94.175"/>
  <system-out/>
  <testcase classname="com.hospital.qa.testcases.HospitalTest" name="InvalidOrgNameCw" time="95.155"/>
  <system-out/>
  <testcase classname="com.hospital.qa.testcases.HospitalTest" name="InvalidPhoneNoCw" time="94.417"/>
  <system-out/>
  <testcase classname="com.hospital.qa.testcases.HospitalTest" name="specCharNameInCw" time="94.589"/>
  <system-out/>
  <testcase classname="com.hospital.qa.testcases.HospitalTest" name="specOrgNameCw" time="94.163"/>
  <system-out/>
  <testcase classname="com.hospital.qa.testcases.HospitalTest" name="charPhoneNo" time="94.275"/>
  <system-out/>
  <testcase classname="com.hospital.qa.testcases.HospitalTest" name="alphaNumericPhoneNo" time="94.197"/>
  <system-out/>
  <testcase classname="com.hospital.qa.testcases.HospitalTest" name="wrongFormatPhoneNo" time="94.288"/>
  <system-out/>
  <testcase classname="com.hospital.qa.testcases.HospitalTest" name="checkTitle" time="90.261"/>
  <system-out/>
  <testcase classname="com.hospital.qa.testcases.HospitalTest" name="invalidDisplayLoc" time="6.083"/>
  <system-out/>
  <testcase classname="com.hospital.qa.testcases.HospitalTest" name="invalidHospitalName" time="3.301"/>
  <system-out/>
  <testcase classname="com.hospital.qa.testcases.HospitalTest" name="testHospitalTextbox" time="90.203"/>
  <system-out/>
  <testcase classname="com.hospital.qa.testcases.HospitalTest" name="testCheckBox" time="86.764"/>
  <system-out/>
  <testcase classname="com.hospital.qa.testcases.HospitalTest" name="testDropdownText" time="0.358"/>
  <system-out/>
  <testcase classname="com.hospital.qa.testcases.HospitalTest" name="hasParkingTest" time="0.037"/>
  <system-out/>
</testsuite> <!-- com.hospital.qa.testcases.HospitalTest -->
