<?xml version="1.0" encoding="UTF-8"?>
<!-- Generated by org.testng.reporters.JUnitXMLReporter -->
<testsuite ignored="0" hostname="DESKTOP-BR5FEO3" failures="0" tests="21" name="Default test" time="1542.8" errors="0" timestamp="2021-03-18T14:18:17 IST">
  <testcase classname="com.hospital.qa.testcases.HospitalTest" name="@AfterTest closeBrower" time="0.273">
    <failure type="java.lang.NullPointerException" message="Cannot invoke &amp;quot;com.hospital.qa.pages.CorporateWellnessPage.closeBrowser()&amp;quot; because &amp;quot;this.cw&amp;quot; is null">
      <![CDATA[java.lang.NullPointerException: Cannot invoke "com.hospital.qa.pages.CorporateWellnessPage.closeBrowser()" because "this.cw" is null
at com.hospital.qa.testcases.HospitalTest.closeBrower(HospitalTest.java:544)
at java.base/jdk.internal.reflect.NativeMethodAccessorImpl.invoke0(Native Method)
at java.base/jdk.internal.reflect.NativeMethodAccessorImpl.invoke(NativeMethodAccessorImpl.java:64)
at java.base/jdk.internal.reflect.DelegatingMethodAccessorImpl.invoke(DelegatingMethodAccessorImpl.java:43)
at java.base/java.lang.reflect.Method.invoke(Method.java:564)
at org.testng.internal.MethodInvocationHelper.invokeMethod(MethodInvocationHelper.java:132)
at org.testng.internal.MethodInvocationHelper.invokeMethodConsideringTimeout(MethodInvocationHelper.java:61)
at org.testng.internal.ConfigInvoker.invokeConfigurationMethod(ConfigInvoker.java:366)
at org.testng.internal.ConfigInvoker.invokeConfigurations(ConfigInvoker.java:320)
at org.testng.TestRunner.invokeTestConfigurations(TestRunner.java:617)
at org.testng.TestRunner.afterRun(TestRunner.java:847)
at org.testng.TestRunner.run(TestRunner.java:588)
at org.testng.SuiteRunner.runTest(SuiteRunner.java:384)
at org.testng.SuiteRunner.runSequentially(SuiteRunner.java:378)
at org.testng.SuiteRunner.privateRun(SuiteRunner.java:337)
at org.testng.SuiteRunner.run(SuiteRunner.java:286)
at org.testng.SuiteRunnerWorker.runSuite(SuiteRunnerWorker.java:53)
at org.testng.SuiteRunnerWorker.run(SuiteRunnerWorker.java:96)
at org.testng.TestNG.runSuitesSequentially(TestNG.java:1218)
at org.testng.TestNG.runSuitesLocally(TestNG.java:1140)
at org.testng.TestNG.runSuites(TestNG.java:1069)
at org.testng.TestNG.run(TestNG.java:1037)
at org.testng.remote.AbstractRemoteTestNG.run(AbstractRemoteTestNG.java:115)
at org.testng.remote.RemoteTestNG.initAndRun(RemoteTestNG.java:251)
at org.testng.remote.RemoteTestNG.main(RemoteTestNG.java:77)
]]>
    </failure>
  </testcase> <!-- @AfterTest closeBrower -->
  <testcase classname="com.hospital.qa.testcases.HospitalTest" name="testCase" time="0.049"/>
  <testcase classname="com.hospital.qa.testcases.HospitalTest" name="displayHospitals" time="88.469"/>
  <testcase classname="com.hospital.qa.testcases.HospitalTest" name="goToTopCity" time="95.1"/>
  <testcase classname="com.hospital.qa.testcases.HospitalTest" name="clickCorporateWellness" time="90.246"/>
  <testcase classname="com.hospital.qa.testcases.HospitalTest" name="InvalidCorporateWellness" time="94.791"/>
  <testcase classname="com.hospital.qa.testcases.HospitalTest" name="nullInvalidForm" time="94.145"/>
  <testcase classname="com.hospital.qa.testcases.HospitalTest" name="InvalidNameInCw" time="94.175"/>
  <testcase classname="com.hospital.qa.testcases.HospitalTest" name="InvalidOrgNameCw" time="95.154"/>
  <testcase classname="com.hospital.qa.testcases.HospitalTest" name="InvalidPhoneNoCw" time="94.417"/>
  <testcase classname="com.hospital.qa.testcases.HospitalTest" name="specCharNameInCw" time="94.256"/>
  <testcase classname="com.hospital.qa.testcases.HospitalTest" name="specOrgNameCw" time="94.163"/>
  <testcase classname="com.hospital.qa.testcases.HospitalTest" name="charPhoneNo" time="94.275"/>
  <testcase classname="com.hospital.qa.testcases.HospitalTest" name="alphaNumericPhoneNo" time="94.197"/>
  <testcase classname="com.hospital.qa.testcases.HospitalTest" name="wrongFormatPhoneNo" time="94.288"/>
  <testcase classname="com.hospital.qa.testcases.HospitalTest" name="checkTitle" time="90.256"/>
  <testcase classname="com.hospital.qa.testcases.HospitalTest" name="invalidDisplayLoc" time="6.082"/>
  <testcase classname="com.hospital.qa.testcases.HospitalTest" name="invalidHospitalName" time="3.301"/>
  <testcase classname="com.hospital.qa.testcases.HospitalTest" name="testHospitalTextbox" time="90.203"/>
  <testcase classname="com.hospital.qa.testcases.HospitalTest" name="testCheckBox" time="86.764"/>
  <testcase classname="com.hospital.qa.testcases.HospitalTest" name="testDropdownText" time="0.358"/>
  <testcase classname="com.hospital.qa.testcases.HospitalTest" name="hasParkingTest" time="0.037"/>
</testsuite> <!-- Default test -->
